0 info it worked if it ends with ok
1 verbose cli [ '/home/atzorvas/.nvm/versions/node/v6.9.2/bin/node',
1 verbose cli   '/home/atzorvas/.nvm/versions/node/v6.9.2/bin/npm',
1 verbose cli   'run',
1 verbose cli   'test:tdd' ]
2 info using npm@3.10.9
3 info using node@v6.9.2
4 verbose run-script [ 'pretest:tdd', 'test:tdd', 'posttest:tdd' ]
5 info lifecycle react-boilerplate@2.5.6~pretest:tdd: react-boilerplate@2.5.6
6 silly lifecycle react-boilerplate@2.5.6~pretest:tdd: no script for pretest:tdd, continuing
7 info lifecycle react-boilerplate@2.5.6~test:tdd: react-boilerplate@2.5.6
8 verbose lifecycle react-boilerplate@2.5.6~test:tdd: unsafe-perm in lifecycle true
9 verbose lifecycle react-boilerplate@2.5.6~test:tdd: PATH: /home/atzorvas/.nvm/versions/node/v6.9.2/lib/node_modules/npm/bin/node-gyp-bin:/home/atzorvas/learn/react/kanban-app/node_modules/.bin:/home/atzorvas/.nvm/versions/node/v6.9.2/bin:.git/safe/../../bin:/home/atzorvas/.bin:/usr/local/sbin:/home/atzorvas/.rvm/gems/ruby-2.4.1/bin:/home/atzorvas/.rvm/gems/ruby-2.4.1@global/bin:/home/atzorvas/.rvm/rubies/ruby-2.4.1/bin:/usr/local/bin:/usr/sbin:/usr/bin:/sbin:/bin:/usr/games:/usr/local/games:/snap/bin:/home/atzorvas/.rvm/bin:/usr/local/bin/elixir
10 verbose lifecycle react-boilerplate@2.5.6~test:tdd: CWD: /home/atzorvas/learn/react/kanban-app
11 silly lifecycle react-boilerplate@2.5.6~test:tdd: Args: [ '-c', 'npm run test -- --auto-watch --no-single-run' ]
12 silly lifecycle react-boilerplate@2.5.6~test:tdd: Returned: code: 1  signal: null
13 info lifecycle react-boilerplate@2.5.6~test:tdd: Failed to exec test:tdd script
14 verbose stack Error: react-boilerplate@2.5.6 test:tdd: `npm run test -- --auto-watch --no-single-run`
14 verbose stack Exit status 1
14 verbose stack     at EventEmitter.<anonymous> (/home/atzorvas/.nvm/versions/node/v6.9.2/lib/node_modules/npm/lib/utils/lifecycle.js:255:16)
14 verbose stack     at emitTwo (events.js:106:13)
14 verbose stack     at EventEmitter.emit (events.js:191:7)
14 verbose stack     at ChildProcess.<anonymous> (/home/atzorvas/.nvm/versions/node/v6.9.2/lib/node_modules/npm/lib/utils/spawn.js:40:14)
14 verbose stack     at emitTwo (events.js:106:13)
14 verbose stack     at ChildProcess.emit (events.js:191:7)
14 verbose stack     at maybeClose (internal/child_process.js:877:16)
14 verbose stack     at Process.ChildProcess._handle.onexit (internal/child_process.js:226:5)
15 verbose pkgid react-boilerplate@2.5.6
16 verbose cwd /home/atzorvas/learn/react/kanban-app
17 error Linux 4.13.0-32-generic
18 error argv "/home/atzorvas/.nvm/versions/node/v6.9.2/bin/node" "/home/atzorvas/.nvm/versions/node/v6.9.2/bin/npm" "run" "test:tdd"
19 error node v6.9.2
20 error npm  v3.10.9
21 error code ELIFECYCLE
22 error react-boilerplate@2.5.6 test:tdd: `npm run test -- --auto-watch --no-single-run`
22 error Exit status 1
23 error Failed at the react-boilerplate@2.5.6 test:tdd script 'npm run test -- --auto-watch --no-single-run'.
23 error Make sure you have the latest version of node.js and npm installed.
23 error If you do, this is most likely a problem with the react-boilerplate package,
23 error not with npm itself.
23 error Tell the author that this fails on your system:
23 error     npm run test -- --auto-watch --no-single-run
23 error You can get information on how to open an issue for this project with:
23 error     npm bugs react-boilerplate
23 error Or if that isn't available, you can get their info via:
23 error     npm owner ls react-boilerplate
23 error There is likely additional logging output above.
24 verbose exit [ 1, true ]
